    524288 ../tmp/file_46
    524288 ../tmp/file_70
    524288 ../tmp/file_3
    524288 ../tmp/file_2
    524288 ../tmp/file_79
    524288 ../tmp/file_4
    524288 ../tmp/file_15
    524288 ../tmp/file_5
    524288 ../tmp/file_41
    524288 ../tmp/file_24
    524288 ../tmp/file_83
    524288 ../tmp/file_77
    524288 ../tmp/file_84
    524288 ../tmp/file_48
    524288 ../tmp/file_23
    524288 ../tmp/file_12
    524288 ../tmp/file_82
    524288 ../tmp/file_40
    524288 ../tmp/file_76
    524288 ../tmp/file_47
    524288 ../tmp/file_78
    524288 ../tmp/file_49
    524288 ../tmp/file_71
    524288 ../tmp/file_85
    524288 ../tmp/file_14
    524288 ../tmp/file_13
    524288 ../tmp/file_25
    524288 ../tmp/file_38
    524288 ../tmp/file_62
    524288 ../tmp/file_36
    524288 ../tmp/file_96
    524288 ../tmp/file_22
    524288 ../tmp/file_31
    524288 ../tmp/file_91
    524288 ../tmp/file_98
    524288 ../tmp/file_65
    524288 ../tmp/file_53
    524288 ../tmp/file_54
    524288 ../tmp/file_52
    524288 ../tmp/file_37
    524288 ../tmp/file_64
    524288 ../tmp/file_30
    524288 ../tmp/file_99
    524288 ../tmp/file_39
    524288 ../tmp/file_90
    524288 ../tmp/file_55
    524288 ../tmp/file_8
    524288 ../tmp/file_0
    524288 ../tmp/file_9
    524288 ../tmp/file_63
    524288 ../tmp/file_7
    524288 ../tmp/file_6
    524288 ../tmp/file_18
    524288 ../tmp/file_97
    524288 ../tmp/file_27
    524288 ../tmp/file_1
    524288 ../tmp/file_45
    524288 ../tmp/file_20
    524288 ../tmp/file_42
    524288 ../tmp/file_29
    524288 ../tmp/file_16
    524288 ../tmp/file_89
    524288 ../tmp/file_74
    524288 ../tmp/file_73
    524288 ../tmp/file_80
    524288 ../tmp/file_11
    524288 ../tmp/file_87
    524288 ../tmp/file_10
    524288 ../tmp/file_28
    524288 ../tmp/file_26
    524288 ../tmp/file_86
    524288 ../tmp/file_21
    524288 ../tmp/file_17
    524288 ../tmp/file_19
    524288 ../tmp/file_72
    524288 ../tmp/file_44
    524288 ../tmp/file_81
    524288 ../tmp/file_75
    524288 ../tmp/file_61
    524288 ../tmp/file_35
    524288 ../tmp/file_88
    524288 ../tmp/file_66
    524288 ../tmp/file_43
    524288 ../tmp/file_92
    524288 ../tmp/file_59
    524288 ../tmp/file_68
    524288 ../tmp/file_57
    524288 ../tmp/file_32
    524288 ../tmp/file_69
    524288 ../tmp/file_95
    524288 ../tmp/file_50
    524288 ../tmp/file_51
    524288 ../tmp/file_67
    524288 ../tmp/file_60
    524288 ../tmp/file_56
    524288 ../tmp/file_33
    524288 ../tmp/file_93
    524288 ../tmp/file_34
    524288 ../tmp/file_94
    524288 ../tmp/file_58
  52428800 [TOTAL]
